#
# There is insufficient memory for the Java Runtime Environment to continue.
# Native memory allocation (mmap) failed to map 264241152 bytes. Error detail: G1 virtual space
# Possible reasons:
#   The system is out of physical RAM or swap space
#   This process is running with CompressedOops enabled, and the Java Heap may be blocking the growth of the native heap
# Possible solutions:
#   Reduce memory load on the system
#   Increase physical memory or swap space
#   Check if swap backing store is full
#   Decrease Java heap size (-Xmx/-Xms)
#   Decrease number of Java threads
#   Decrease Java thread stack sizes (-Xss)
#   Set larger code cache with -XX:ReservedCodeCacheSize=
#   JVM is running with Zero Based Compressed Oops mode in which the Java heap is
#     placed in the first 32GB address space. The Java Heap base address is the
#     maximum limit for the native heap growth. Please use -XX:HeapBaseMinAddress
#     to set the Java Heap base and to place the Java Heap above 32GB virtual address.
# This output file may be truncated or incomplete.
#
#  Out of Memory Error (os_windows.cpp:3825), pid=1864, tid=16372
#
# JRE version:  (17.0.11+1) (build )
# Java VM: OpenJDK 64-Bit Server VM (17.0.11+1-b1207.24, mixed mode, sharing, tiered, compressed oops, compressed class ptrs, g1 gc, windows-amd64)
# No core dump will be written. Minidumps are not enabled by default on client versions of Windows
#

---------------  S U M M A R Y ------------

Command Line: git4idea.http.GitAskPassApp Username for 'https://github.com': 

Host: Intel(R) Core(TM) i7-1065G7 CPU @ 1.30GHz, 8 cores, 15G,  Windows 11 , 64 bit Build 22621 (10.0.22621.3672)
Time: Tue Jul  2 13:16:31 2024 Mitteleuropäische Sommerzeit elapsed time: 0.014519 seconds (0d 0h 0m 0s)

---------------  T H R E A D  ---------------

Current thread (0x000001494c2fe540):  JavaThread "Unknown thread" [_thread_in_vm, id=16372, stack(0x00000037c5800000,0x00000037c5900000)]

Stack: [0x00000037c5800000,0x00000037c5900000]
Native frames: (J=compiled Java code, j=interpreted, Vv=VM code, C=native code)
V  [jvm.dll+0x6877f9]
V  [jvm.dll+0x8411aa]
V  [jvm.dll+0x842e2e]
V  [jvm.dll+0x843493]
V  [jvm.dll+0x249fdf]
V  [jvm.dll+0x6845c9]
V  [jvm.dll+0x678e7a]
V  [jvm.dll+0x30ab4b]
V  [jvm.dll+0x311ff6]
V  [jvm.dll+0x361a5e]
V  [jvm.dll+0x361c8f]
V  [jvm.dll+0x2e0978]
V  [jvm.dll+0x2e18e4]
V  [jvm.dll+0x811c71]
V  [jvm.dll+0x36f7c8]
V  [jvm.dll+0x7f05f6]
V  [jvm.dll+0x3f398f]
V  [jvm.dll+0x3f5541]
C  [jli.dll+0x528f]
C  [ucrtbase.dll+0x29333]
C  [KERNEL32.DLL+0x1257d]
C  [ntdll.dll+0x5af28]


---------------  P R O C E S S  ---------------

Threads class SMR info:
_java_thread_list=0x00007ff9912befd8, length=0, elements={
}

Java Threads: ( => current thread )

Other Threads:
  0x000001494c368be0 GCTaskThread "GC Thread#0" [stack: 0x00000037c5900000,0x00000037c5a00000] [id=23096]
  0x000001494c379730 ConcurrentGCThread "G1 Main Marker" [stack: 0x00000037c5a00000,0x00000037c5b00000] [id=14736]
  0x000001494c37a150 ConcurrentGCThread "G1 Conc#0" [stack: 0x00000037c5b00000,0x00000037c5c00000] [id=2808]

[error occurred during error reporting (printing all threads), id 0xc0000005, EXCEPTION_ACCESS_VIOLATION (0xc0000005) at pc=0x00007ff990a71547]

VM state: not at safepoint (not fully initialized)

VM Mutex/Monitor currently owned by a thread:  ([mutex/lock_event])
[0x000001494c2fca20] Heap_lock - owner thread: 0x000001494c2fe540

Heap address: 0x0000000704000000, size: 4032 MB, Compressed Oops mode: Zero based, Oop shift amount: 3

CDS archive(s) mapped at: [0x0000000000000000-0x0000000000000000-0x0000000000000000), size 0, SharedBaseAddress: 0x0000000800000000, ArchiveRelocationMode: 1.
Narrow klass base: 0x0000000000000000, Narrow klass shift: 0, Narrow klass range: 0x0

GC Precious Log:
<Empty>

Heap:
 garbage-first heap   total 0K, used 0K [0x0000000704000000, 0x0000000800000000)
  region size 2048K, 0 young (0K), 0 survivors (0K)
 Metaspace       used 0K, committed 0K, reserved 0K
  class space    used 0K, committed 0K, reserved 0K

Heap Regions: E=young(eden), S=young(survivor), O=old, HS=humongous(starts), HC=humongous(continues), CS=collection set, F=free, OA=open archive, CA=closed archive, TAMS=top-at-mark-start (previous, next)

Card table byte_map: [0x00000149614b0000,0x0000014961c90000] _byte_map_base: 0x000001495dc90000

Marking Bits (Prev, Next): (CMBitMap*) 0x000001494c369200, (CMBitMap*) 0x000001494c369240
 Prev Bits: [0x0000014962470000, 0x0000014966370000)
 Next Bits: [0x0000014966370000, 0x000001496a270000)

GC Heap History (0 events):
No events

Dll operation events (1 events):
Event: 0.008 Loaded shared library C:\Program Files\JetBrains\WebStorm 2022.2.2\jbr\bin\java.dll

Deoptimization events (0 events):
No events

Classes unloaded (0 events):
No events

Classes redefined (0 events):
No events

Internal exceptions (0 events):
No events

VM Operations (0 events):
No events

Events (0 events):
No events


Dynamic libraries:
0x00007ff675860000 - 0x00007ff67586a000 	C:\Program Files\JetBrains\WebStorm 2022.2.2\jbr\bin\java.exe
0x00007ffa340b0000 - 0x00007ffa342c7000 	C:\Windows\SYSTEM32\ntdll.dll
0x00007ffa328f0000 - 0x00007ffa329b4000 	C:\Windows\System32\KERNEL32.DLL
0x00007ffa31a40000 - 0x00007ffa31ded000 	C:\Windows\System32\KERNELBASE.dll
0x00007ffa31690000 - 0x00007ffa317a1000 	C:\Windows\System32\ucrtbase.dll
0x00007ffa163c0000 - 0x00007ffa163d7000 	C:\Program Files\JetBrains\WebStorm 2022.2.2\jbr\bin\jli.dll
0x00007ffa1a2c0000 - 0x00007ffa1a2db000 	C:\Program Files\JetBrains\WebStorm 2022.2.2\jbr\bin\VCRUNTIME140.dll
0x00007ffa324f0000 - 0x00007ffa3269e000 	C:\Windows\System32\USER32.dll
0x00007ffa319a0000 - 0x00007ffa319c6000 	C:\Windows\System32\win32u.dll
0x00007ffa0bab0000 - 0x00007ffa0bd43000 	C:\Windows\WinSxS\amd64_microsoft.windows.common-controls_6595b64144ccf1df_6.0.22621.3672_none_2713b9d173822955\COMCTL32.dll
0x00007ffa31e10000 - 0x00007ffa31e39000 	C:\Windows\System32\GDI32.dll
0x00007ffa32440000 - 0x00007ffa324e7000 	C:\Windows\System32\msvcrt.dll
0x00007ffa31880000 - 0x00007ffa31999000 	C:\Windows\System32\gdi32full.dll
0x00007ffa317b0000 - 0x00007ffa3184a000 	C:\Windows\System32\msvcp_win.dll
0x00007ffa32810000 - 0x00007ffa32841000 	C:\Windows\System32\IMM32.DLL
0x00007ffa15df0000 - 0x00007ffa15dfc000 	C:\Program Files\JetBrains\WebStorm 2022.2.2\jbr\bin\vcruntime140_1.dll
0x00007ff9f0ea0000 - 0x00007ff9f0f2d000 	C:\Program Files\JetBrains\WebStorm 2022.2.2\jbr\bin\msvcp140.dll
0x00007ff990780000 - 0x00007ff991403000 	C:\Program Files\JetBrains\WebStorm 2022.2.2\jbr\bin\server\jvm.dll
0x00007ffa32750000 - 0x00007ffa32802000 	C:\Windows\System32\ADVAPI32.dll
0x00007ffa326a0000 - 0x00007ffa32749000 	C:\Windows\System32\sechost.dll
0x00007ffa31850000 - 0x00007ffa31878000 	C:\Windows\System32\bcrypt.dll
0x00007ffa32c00000 - 0x00007ffa32d14000 	C:\Windows\System32\RPCRT4.dll
0x00007ffa2cf40000 - 0x00007ffa2cf49000 	C:\Windows\SYSTEM32\WSOCK32.dll
0x00007ffa312a0000 - 0x00007ffa312ed000 	C:\Windows\SYSTEM32\POWRPROF.dll
0x00007ffa33400000 - 0x00007ffa33471000 	C:\Windows\System32\WS2_32.dll
0x00007ffa2c400000 - 0x00007ffa2c434000 	C:\Windows\SYSTEM32\WINMM.dll
0x00007ffa2c0f0000 - 0x00007ffa2c0fa000 	C:\Windows\SYSTEM32\VERSION.dll
0x00007ffa311d0000 - 0x00007ffa311e3000 	C:\Windows\SYSTEM32\UMPDC.dll
0x00007ffa303d0000 - 0x00007ffa303e8000 	C:\Windows\SYSTEM32\kernel.appcore.dll
0x00007ffa16ea0000 - 0x00007ffa16eaa000 	C:\Program Files\JetBrains\WebStorm 2022.2.2\jbr\bin\jimage.dll
0x00007ffa2e9a0000 - 0x00007ffa2ebd2000 	C:\Windows\SYSTEM32\DBGHELP.DLL
0x00007ffa33ce0000 - 0x00007ffa34068000 	C:\Windows\System32\combase.dll
0x00007ffa32b20000 - 0x00007ffa32bf7000 	C:\Windows\System32\OLEAUT32.dll
0x00007ffa1b700000 - 0x00007ffa1b732000 	C:\Windows\SYSTEM32\dbgcore.DLL
0x00007ffa31610000 - 0x00007ffa3168b000 	C:\Windows\System32\bcryptPrimitives.dll
0x00007ffa16e70000 - 0x00007ffa16e95000 	C:\Program Files\JetBrains\WebStorm 2022.2.2\jbr\bin\java.dll

dbghelp: loaded successfully - version: 4.0.5 - missing functions: none
symbol engine: initialized successfully - sym options: 0x614 - pdb path: .;C:\Program Files\JetBrains\WebStorm 2022.2.2\jbr\bin;C:\Windows\SYSTEM32;C:\Windows\WinSxS\amd64_microsoft.windows.common-controls_6595b64144ccf1df_6.0.22621.3672_none_2713b9d173822955;C:\Program Files\JetBrains\WebStorm 2022.2.2\jbr\bin\server

VM Arguments:
java_command: git4idea.http.GitAskPassApp Username for 'https://github.com': 
java_class_path (initial): C:/Program Files/JetBrains/WebStorm 2022.2.2/plugins/vcs-git/lib/git4idea-rt.jar;C:/Program Files/JetBrains/WebStorm 2022.2.2/lib/externalProcess-rt.jar
Launcher Type: SUN_STANDARD

[Global flags]
     intx CICompilerCount                          = 4                                         {product} {ergonomic}
     uint ConcGCThreads                            = 2                                         {product} {ergonomic}
     uint G1ConcRefinementThreads                  = 8                                         {product} {ergonomic}
   size_t G1HeapRegionSize                         = 2097152                                   {product} {ergonomic}
    uintx GCDrainStackTargetSize                   = 64                                        {product} {ergonomic}
   size_t InitialHeapSize                          = 264241152                                 {product} {ergonomic}
   size_t MarkStackSize                            = 4194304                                   {product} {ergonomic}
   size_t MaxHeapSize                              = 4227858432                                {product} {ergonomic}
   size_t MinHeapDeltaBytes                        = 2097152                                   {product} {ergonomic}
   size_t MinHeapSize                              = 8388608                                   {product} {ergonomic}
    uintx NonNMethodCodeHeapSize                   = 5839372                                {pd product} {ergonomic}
    uintx NonProfiledCodeHeapSize                  = 122909434                              {pd product} {ergonomic}
    uintx ProfiledCodeHeapSize                     = 122909434                              {pd product} {ergonomic}
    uintx ReservedCodeCacheSize                    = 251658240                              {pd product} {ergonomic}
     bool SegmentedCodeCache                       = true                                      {product} {ergonomic}
   size_t SoftMaxHeapSize                          = 4227858432                             {manageable} {ergonomic}
     bool UseCompressedClassPointers               = true                           {product lp64_product} {ergonomic}
     bool UseCompressedOops                        = true                           {product lp64_product} {ergonomic}
     bool UseG1GC                                  = true                                      {product} {ergonomic}
     bool UseLargePagesIndividualAllocation        = false                                  {pd product} {ergonomic}

Logging:
Log output configuration:
 #0: stdout all=warning uptime,level,tags
 #1: stderr all=off uptime,level,tags

Environment Variables:
PATH=C:\Program Files\Git\mingw64\libexec\git-core;C:\Program Files\Git\mingw64\libexec\git-core;C:\Program Files\Git\mingw64\bin;C:\Program Files\Git\usr\bin;C:\Users\rober\bin;C:\Program Files (x86)\Common Files\Oracle\Java\javapath;C:\Windows\system32;C:\Windows;C:\Windows\System32\Wbem;C:\Windows\System32\WindowsPowerShell\v1.0;C:\Windows\System32\OpenSSH;C:\Program Files\dotnet;C:\Program Files\Microsoft SQL Server\Client SDK\ODBC\170\Tools\Binn;C:\Program Files\Microsoft SQL Server\150\Tools\Binn;C:\Program Files\TortoiseGit\bin;C:\Program Files\Microsoft VS Code\bin;C:\Program Files\WireGuard;C:\Program Files\nodejs;C:\Program Files\Docker\Docker\resources\bin;C:\Program Files\Git\cmd;C:\Users\rober\AppData\Local\Programs\Python\Launcher;C:\Users\rober\AppData\Local\Microsoft\WindowsApps;C:\Program Files\JetBrains\WebStorm 2022.2.2\bin;C:\Users\rober\.dotnet\tools;C:\Program Files\JetBrains\PyCharm 2023.3.4\bin;C:\Users\rober\AppData\Roaming\npm
USERNAME=rober
DISPLAY=:0.0
LC_ALL=en_US.UTF-8
TERM=xterm-256color
TMPDIR=C:\Users\rober\AppData\Local\Temp
OS=Windows_NT
PROCESSOR_IDENTIFIER=Intel64 Family 6 Model 126 Stepping 5, GenuineIntel
TMP=C:\Users\rober\AppData\Local\Temp
TEMP=C:\Users\rober\AppData\Local\Temp



Periodic native trim disabled

JNI global refs:
JNI global refs: 0, weak refs: 0

JNI global refs memory usage: 0, weak refs: 0

Process memory usage:
Resident Set Size: 11740K (0% of 16511992K total physical memory with 2447920K free physical memory)

OOME stack traces (most recent first):
Classloader memory used:


---------------  S Y S T E M  ---------------

OS:
 Windows 11 , 64 bit Build 22621 (10.0.22621.3672)
OS uptime: 0 days 16:41 hours
Hyper-V role detected

CPU: total 8 (initial active 8) (4 cores per cpu, 2 threads per core) family 6 model 126 stepping 5 microcode 0xb0, cx8, cmov, fxsr, ht, mmx, 3dnowpref, sse, sse2, sse3, ssse3, sse4.1, sse4.2, popcnt, lzcnt, tsc, tscinvbit, avx, avx2, aes, erms, clmul, bmi1, bmi2, adx, avx512f, avx512dq, avx512cd, avx512bw, avx512vl, sha, fma, vzeroupper, avx512_vpopcntdq, avx512_vpclmulqdq, avx512_vaes, avx512_vnni, clflush, clflushopt, avx512_vbmi2, avx512_vbmi, hv
Processor Information for all 8 processors :
  Max Mhz: 1498, Current Mhz: 1298, Mhz Limit: 1288

Memory: 4k page, system-wide physical 16124M (2390M free)
TotalPageFile size 23292M (AvailPageFile size 247M)
current process WorkingSet (physical memory assigned to process): 11M, peak: 11M
current process commit charge ("private bytes"): 60M, peak: 312M

vm_info: OpenJDK 64-Bit Server VM (17.0.11+1-b1207.24) for windows-amd64 JRE (17.0.11+1-b1207.24), built on 2024-05-15 by "builduser" with MS VC++ 16.10 / 16.11 (VS2019)

END.
